Unity Editor version:    2020.3.28f1 (f5400f52e03f)
Branch:                  2020.3/staging
Build type:              Release
Batch mode:              YES
macOS version:           Version 12.2 (Build 21D49)
Darwin version:          21.3.0
Architecture:            x86_64
Running under Rosetta:   YES
Available memory:        16384 MB
Using pre-set license
Pro License: NO

COMMAND LINE ARGUMENTS:
/Applications/Unity/Hub/Editor/2020.3.28f1/Unity.app/Contents/MacOS/Unity
-adb2
-batchMode
-noUpm
-name
AssetImportWorker0
-projectPath
/Users/peachysangria/Projects/Zombie-Escape
-logFile
Logs/AssetImportWorker0.log
-srvPort
63053
Successfully changed project path to: /Users/peachysangria/Projects/Zombie-Escape
/Users/peachysangria/Projects/Zombie-Escape
Using Asset Import Pipeline V2.
Refreshing native plugins compatible for Editor in 43.70 ms, found 2 plugins.
Preloading 0 native plugins for Editor in 0.00 ms.
Initialize engine version: 2020.3.28f1 (f5400f52e03f)
[Subsystems] Discovering subsystems at path /Applications/Unity/Hub/Editor/2020.3.28f1/Unity.app/Contents/Resources/UnitySubsystems
[Subsystems] Discovering subsystems at path /Users/peachysangria/Projects/Zombie-Escape/Assets
GfxDevice: creating device client; threaded=0
2022-06-08 18:32:57.821 Unity[20786:5440316] (null) preferred device: Apple M1 (high power)
2022-06-08 18:32:57.821 Unity[20786:5440316] Metal devices available: 1
2022-06-08 18:32:57.821 Unity[20786:5440316] 0: Apple M1 (high power)
2022-06-08 18:32:57.821 Unity[20786:5440316] Using device Apple M1 (high power)
Initializing Metal device caps: Apple M1
Initialize mono
Mono path[0] = '/Applications/Unity/Hub/Editor/2020.3.28f1/Unity.app/Contents/Managed'
Mono path[1] = '/Applications/Unity/Hub/Editor/2020.3.28f1/Unity.app/Contents/MonoBleedingEdge/lib/mono/unityjit'
Mono config path = '/Applications/Unity/Hub/Editor/2020.3.28f1/Unity.app/Contents/MonoBleedingEdge/etc'
Using monoOptions --debugger-agent=transport=dt_socket,embedding=1,server=y,suspend=n,address=127.0.0.1:56786
Begin MonoManager ReloadAssembly
Registering precompiled unity dll's ...
Register platform support module: /Applications/Unity/Hub/Editor/2020.3.28f1/Unity.app/Contents/PlaybackEngines/MacStandaloneSupport/UnityEditor.OSXStandalone.Extensions.dll
Registered in 0.002716 seconds.
Native extension for OSXStandalone target not found
Refreshing native plugins compatible for Editor in 37.95 ms, found 2 plugins.
Preloading 0 native plugins for Editor in 0.00 ms.
Mono: successfully reloaded assembly
- Completed reload, in  1.198 seconds
Domain Reload Profiling:
	ReloadAssembly (1199ms)
		BeginReloadAssembly (104ms)
			ExecutionOrderSort (0ms)
			DisableScriptedObjects (0ms)
			BackupInstance (0ms)
			ReleaseScriptingObjects (0ms)
			CreateAndSetChildDomain (3ms)
		EndReloadAssembly (981ms)
			LoadAssemblies (102ms)
			RebuildTransferFunctionScriptingTraits (0ms)
			SetupTypeCache (170ms)
			ReleaseScriptCaches (0ms)
			RebuildScriptCaches (39ms)
			SetupLoadedEditorAssemblies (503ms)
				LogAssemblyErrors (0ms)
				InitializePlatformSupportModulesInManaged (12ms)
				SetLoadedEditorAssemblies (0ms)
				RefreshPlugins (38ms)
				BeforeProcessingInitializeOnLoad (74ms)
				ProcessInitializeOnLoadAttributes (279ms)
				ProcessInitializeOnLoadMethodAttributes (98ms)
				AfterProcessingInitializeOnLoad (0ms)
				EditorAssembliesLoaded (1ms)
			ExecutionOrderSort2 (0ms)
			AwakeInstancesAfterBackupRestoration (0ms)
Platform modules already initialized, skipping
Registering precompiled user dll's ...
Registered in 0.004326 seconds.
Begin MonoManager ReloadAssembly
Native extension for OSXStandalone target not found
Refreshing native plugins compatible for Editor in 37.06 ms, found 2 plugins.
Preloading 0 native plugins for Editor in 0.00 ms.
Mono: successfully reloaded assembly
- Completed reload, in  2.178 seconds
Domain Reload Profiling:
	ReloadAssembly (2180ms)
		BeginReloadAssembly (246ms)
			ExecutionOrderSort (0ms)
			DisableScriptedObjects (30ms)
			BackupInstance (0ms)
			ReleaseScriptingObjects (0ms)
			CreateAndSetChildDomain (31ms)
		EndReloadAssembly (1848ms)
			LoadAssemblies (183ms)
			RebuildTransferFunctionScriptingTraits (0ms)
			SetupTypeCache (328ms)
			ReleaseScriptCaches (0ms)
			RebuildScriptCaches (49ms)
			SetupLoadedEditorAssemblies (1001ms)
				LogAssemblyErrors (0ms)
				InitializePlatformSupportModulesInManaged (10ms)
				SetLoadedEditorAssemblies (1ms)
				RefreshPlugins (37ms)
				BeforeProcessingInitializeOnLoad (157ms)
				ProcessInitializeOnLoadAttributes (769ms)
				ProcessInitializeOnLoadMethodAttributes (27ms)
				AfterProcessingInitializeOnLoad (1ms)
				EditorAssembliesLoaded (0ms)
			ExecutionOrderSort2 (0ms)
			AwakeInstancesAfterBackupRestoration (29ms)
Platform modules already initialized, skipping
Validating Project structure ... 0.004688 seconds.
Shader import version has changed; will reimport all shaders...
Upgrading shader files ...0.005529 seconds.
Application.AssetDatabase Initial Script Refresh Start
RefreshInfo: InitialScriptRefreshV2(NoUpdateAssetOptions) scanfilter:  ... 1 filters
RefreshProfiler: Total: 0.000ms
Application.AssetDatabase Initial Script Refresh End
Application.AssetDatabase.Refresh Start
Application.AssetDatabase.Refresh End
RefreshInfo: StopAssetImportingV2(ForceSynchronousImport) scanfilter: 
RefreshProfiler: Total: 0.000ms
Launching external process: /Applications/Unity/Hub/Editor/2020.3.28f1/Unity.app/Contents/Tools/UnityShaderCompiler
Launched and connected shader compiler UnityShaderCompiler after 0.02 seconds
Initializing Unity extensions:
2022-06-08 18:33:02.624 Unity[20786:5440316] NSEventModifierFlagFunction specified to -setKeyEquivalentModifierMask: for item <NSMenuItem: 0x600003829dc0 Font Asset, ke='Command-F12'>, but is only supported for system-provided menu items; will not be used
2022-06-08 18:33:02.627 Unity[20786:5440316] NSEventModifierFlagFunction specified to -setKeyEquivalentModifierMask: for item <NSMenuItem: 0x60000385aed0 Font Asset, ke='Command-F12'>, but is only supported for system-provided menu items; will not be used
========================================================================
Worker process is ready to serve import requests
Refreshing native plugins compatible for Editor in 0.35 ms, found 2 plugins.
Preloading 0 native plugins for Editor in 0.00 ms.
Unloading 1849 Unused Serialized files (Serialized files now loaded: 0)
System memory in use before: 198.4 MB.
System memory in use after: 197.5 MB.

Unloading 102 unused Assets to reduce memory usage. Loaded Objects now: 2330.
Total: 2.542167 ms (FindLiveObjects: 0.081541 ms CreateObjectMapping: 0.037333 ms MarkObjects: 2.033792 ms  DeleteObjects: 0.388875 ms)

AssetImportParameters requested are different than current active one (requested -> active):
  custom:video-decoder-ogg-theora: a1e56fd34408186e4bbccfd4996cb3dc -> 
  custom:container-muxer-webm: aa71ff27fc2769a1b78a27578f13a17b -> 
  custom:container-demuxer-webm: 4f35f7cbe854078d1ac9338744f61a02 -> 
  custom:container-demuxer-ogg: 62fdf1f143b41e24485cea50d1cbac27 -> 
  custom:video-encoder-webm-vp8: eb34c28f22e8b96e1ab97ce403110664 -> 
  custom:framework-osx-AVFoundation: e770b220cccbd017edd2c1fefb359320 -> 
  custom:video-decoder-webm-vp8: 9c59270c3fd7afecdb556c50c9e8de78 -> 
  custom:audio-decoder-ogg-vorbis: bf7c407c2cedff20999df2af8eb42d56 -> 
  custom:audio-encoder-webm-vorbis: bf7c407c2cedff20999df2af8eb42d56 -> 
========================================================================
Received Import Request.
  path: Assets/Scripts/HealthSystem.cs
  artifactKey: Guid(4ea3cccef2ca2844784e446d6840de9f) Importer(815301076,1909f56bfc062723c751e8b465ee728b)
Start importing Assets/Scripts/HealthSystem.cs using Guid(4ea3cccef2ca2844784e446d6840de9f) Importer(815301076,1909f56bfc062723c751e8b465ee728b)  -> (artifact id: '326656d57a353a848be716d5e8eeb2e5') in 1.007359 seconds 
  Import took 1.012263 seconds .

========================================================================
Received Import Request.
  Time since last request: 0.001029 seconds.
  path: Assets/Scripts/PlayerControl.cs
  artifactKey: Guid(dd9da09195530f74cb084c6ab77fc4bc) Importer(815301076,1909f56bfc062723c751e8b465ee728b)
Start importing Assets/Scripts/PlayerControl.cs using Guid(dd9da09195530f74cb084c6ab77fc4bc) Importer(815301076,1909f56bfc062723c751e8b465ee728b)  -> (artifact id: '8fbdb9691b7f9d03e2800ced51a6e0b2') in 0.001063 seconds 
  Import took 0.003028 seconds .

========================================================================
Received Import Request.
  Time since last request: 0.000175 seconds.
  path: Assets/Scripts/PlayerCursor.cs
  artifactKey: Guid(282f478af5fbe3b47a56da383c25c0ce) Importer(815301076,1909f56bfc062723c751e8b465ee728b)
Start importing Assets/Scripts/PlayerCursor.cs using Guid(282f478af5fbe3b47a56da383c25c0ce) Importer(815301076,1909f56bfc062723c751e8b465ee728b)  -> (artifact id: 'f02eaaad5e0eddeec7730c4d1c82db7c') in 0.000881 seconds 
  Import took 0.002683 seconds .

========================================================================
Received Import Request.
  Time since last request: 0.000248 seconds.
  path: Assets/Scripts/EntityAnimator.cs
  artifactKey: Guid(cbed56c27df4f1d4288bca7fd807155c) Importer(815301076,1909f56bfc062723c751e8b465ee728b)
Start importing Assets/Scripts/EntityAnimator.cs using Guid(cbed56c27df4f1d4288bca7fd807155c) Importer(815301076,1909f56bfc062723c751e8b465ee728b)  -> (artifact id: 'f0214b4079ef65bb3ac9980371bba179') in 0.000772 seconds 
  Import took 0.002612 seconds .

========================================================================
Received Import Request.
  Time since last request: 54.622050 seconds.
  path: Assets/ToonyTinyPeople/TT_demo/animation/male/m_death_A.FBX
  artifactKey: Guid(874bb4a08f83e31499d47d1f599abebd) Importer(815301076,1909f56bfc062723c751e8b465ee728b)
Start importing Assets/ToonyTinyPeople/TT_demo/animation/male/m_death_A.FBX using Guid(874bb4a08f83e31499d47d1f599abebd) Importer(815301076,1909f56bfc062723c751e8b465ee728b)  -> (artifact id: 'e779dbe3403d01631072d7cce3ea0b0e') in 0.129993 seconds 
  Import took 0.135322 seconds .

========================================================================
Received Import Request.
  Time since last request: 0.000233 seconds.
  path: Assets/ToonyTinyPeople/TT_demo/animation/male/m_melee_combat_attack_A.FBX
  artifactKey: Guid(5beb6fa42173b3346911af16b235ffc7) Importer(815301076,1909f56bfc062723c751e8b465ee728b)
Start importing Assets/ToonyTinyPeople/TT_demo/animation/male/m_melee_combat_attack_A.FBX using Guid(5beb6fa42173b3346911af16b235ffc7) Importer(815301076,1909f56bfc062723c751e8b465ee728b)  -> (artifact id: 'd2edabc52dc26f7a1292b874f66dd262') in 0.006037 seconds 
  Import took 0.008145 seconds .

========================================================================
Received Import Request.
  Time since last request: 0.000218 seconds.
  path: Assets/ToonyTinyPeople/TT_demo/animation/male/m_run_rm.FBX
  artifactKey: Guid(c475e075b3ae37b4f883dc78ecbf1ef0) Importer(815301076,1909f56bfc062723c751e8b465ee728b)
Start importing Assets/ToonyTinyPeople/TT_demo/animation/male/m_run_rm.FBX using Guid(c475e075b3ae37b4f883dc78ecbf1ef0) Importer(815301076,1909f56bfc062723c751e8b465ee728b)  -> (artifact id: '3f19ffe40cb8ee51109dd02e22b535f8') in 0.006131 seconds 
  Import took 0.008301 seconds .

========================================================================
Received Import Request.
  Time since last request: 0.000472 seconds.
  path: Assets/ToonyTinyPeople/TT_demo/animation/male/m_pistol_idle_A.FBX
  artifactKey: Guid(fa42887335d725043833d746d15bad21) Importer(815301076,1909f56bfc062723c751e8b465ee728b)
Start importing Assets/ToonyTinyPeople/TT_demo/animation/male/m_pistol_idle_A.FBX using Guid(fa42887335d725043833d746d15bad21) Importer(815301076,1909f56bfc062723c751e8b465ee728b)  -> (artifact id: '16f73229ff72575d6480b2e1979498fc') in 0.006645 seconds 
  Import took 0.009378 seconds .

========================================================================
Received Import Request.
  Time since last request: 0.000280 seconds.
  path: Assets/ToonyTinyPeople/TT_demo/animation/male/m_melee_combat_idle.FBX
  artifactKey: Guid(c336b36f7aa9f7948bc0bd53e110a999) Importer(815301076,1909f56bfc062723c751e8b465ee728b)
Start importing Assets/ToonyTinyPeople/TT_demo/animation/male/m_melee_combat_idle.FBX using Guid(c336b36f7aa9f7948bc0bd53e110a999) Importer(815301076,1909f56bfc062723c751e8b465ee728b)  -> (artifact id: '89163d9ba72080176178d5834fc505c2') in 0.005917 seconds 
  Import took 0.008049 seconds .

========================================================================
Received Import Request.
  Time since last request: 0.000238 seconds.
  path: Assets/ToonyTinyPeople/TT_demo/animation/male/m_pistol_shoot.FBX
  artifactKey: Guid(9e3f937932b2a5649995a592185d9380) Importer(815301076,1909f56bfc062723c751e8b465ee728b)
Start importing Assets/ToonyTinyPeople/TT_demo/animation/male/m_pistol_shoot.FBX using Guid(9e3f937932b2a5649995a592185d9380) Importer(815301076,1909f56bfc062723c751e8b465ee728b)  -> (artifact id: '6b24c9283eb599020d1ed75e46cf6143') in 0.005743 seconds 
  Import took 0.007873 seconds .

========================================================================
Received Import Request.
  Time since last request: 0.000232 seconds.
  path: Assets/ToonyTinyPeople/TT_demo/animation/male/m_melee_combat_run.FBX
  artifactKey: Guid(7afbe6873857cd64782ec781742471e0) Importer(815301076,1909f56bfc062723c751e8b465ee728b)
Start importing Assets/ToonyTinyPeople/TT_demo/animation/male/m_melee_combat_run.FBX using Guid(7afbe6873857cd64782ec781742471e0) Importer(815301076,1909f56bfc062723c751e8b465ee728b)  -> (artifact id: 'ab1a57d45c240777c4954daaf79b13d2') in 0.005450 seconds 
  Import took 0.007400 seconds .

========================================================================
Received Import Request.
  Time since last request: 0.000223 seconds.
  path: Assets/ToonyTinyPeople/TT_demo/animation/male/m_run.FBX
  artifactKey: Guid(4565b88a84c4f7048b05a8ff423427fd) Importer(815301076,1909f56bfc062723c751e8b465ee728b)
Start importing Assets/ToonyTinyPeople/TT_demo/animation/male/m_run.FBX using Guid(4565b88a84c4f7048b05a8ff423427fd) Importer(815301076,1909f56bfc062723c751e8b465ee728b)  -> (artifact id: 'e9005f6851fcacfb7b27bbc57035ecdd') in 0.005120 seconds 
  Import took 0.006959 seconds .

========================================================================
Received Import Request.
  Time since last request: 0.000220 seconds.
  path: Assets/ToonyTinyPeople/TT_demo/animation/male/m_pistol_run.FBX
  artifactKey: Guid(e4a2580082d5c394287cd697523e0fe6) Importer(815301076,1909f56bfc062723c751e8b465ee728b)
Start importing Assets/ToonyTinyPeople/TT_demo/animation/male/m_pistol_run.FBX using Guid(e4a2580082d5c394287cd697523e0fe6) Importer(815301076,1909f56bfc062723c751e8b465ee728b)  -> (artifact id: 'a2e5d4af3826edcb435bfa2dc2039ce8') in 0.005418 seconds 
  Import took 0.007375 seconds .

========================================================================
Received Import Request.
  Time since last request: 0.000255 seconds.
  path: Assets/ToonyTinyPeople/TT_demo/animation/male/m_walk_rm.FBX
  artifactKey: Guid(81efcc53f5c29ee4cbaf29dc5e138266) Importer(815301076,1909f56bfc062723c751e8b465ee728b)
Start importing Assets/ToonyTinyPeople/TT_demo/animation/male/m_walk_rm.FBX using Guid(81efcc53f5c29ee4cbaf29dc5e138266) Importer(815301076,1909f56bfc062723c751e8b465ee728b)  -> (artifact id: '3b3ff747a26f0988da299625a70d85e2') in 0.005250 seconds 
  Import took 0.007308 seconds .

========================================================================
Received Import Request.
  Time since last request: 0.000192 seconds.
  path: Assets/ToonyTinyPeople/TT_demo/animation/male/m_walk.FBX
  artifactKey: Guid(8e7729e683827274688a546eaa83bb9b) Importer(815301076,1909f56bfc062723c751e8b465ee728b)
Start importing Assets/ToonyTinyPeople/TT_demo/animation/male/m_walk.FBX using Guid(8e7729e683827274688a546eaa83bb9b) Importer(815301076,1909f56bfc062723c751e8b465ee728b)  -> (artifact id: 'e018d4aa4e07f85c905aaffb3fd13c36') in 0.005673 seconds 
  Import took 0.007621 seconds .

========================================================================
Received Import Request.
  Time since last request: 0.000219 seconds.
  path: Assets/ToonyTinyPeople/TT_demo/animation/male/m_idle_A.FBX
  artifactKey: Guid(3a8302c5bd6eb324ab81ef3690282de3) Importer(815301076,1909f56bfc062723c751e8b465ee728b)
Start importing Assets/ToonyTinyPeople/TT_demo/animation/male/m_idle_A.FBX using Guid(3a8302c5bd6eb324ab81ef3690282de3) Importer(815301076,1909f56bfc062723c751e8b465ee728b)  -> (artifact id: '5e936e03a9834d991f4117d6f6ce4e4f') in 0.005073 seconds 
  Import took 0.006888 seconds .

========================================================================
Received Import Request.
  Time since last request: 0.000220 seconds.
  path: Assets/ToonyTinyPeople/TT_demo/animation/male/m_pistol_run_rm.FBX
  artifactKey: Guid(7336fd1265cce7c4c8bb6237e730fa95) Importer(815301076,1909f56bfc062723c751e8b465ee728b)
Start importing Assets/ToonyTinyPeople/TT_demo/animation/male/m_pistol_run_rm.FBX using Guid(7336fd1265cce7c4c8bb6237e730fa95) Importer(815301076,1909f56bfc062723c751e8b465ee728b)  -> (artifact id: '49b37598d336d3a4904fc532a63a5887') in 0.004852 seconds 
  Import took 0.006652 seconds .

========================================================================
Received Import Request.
  Time since last request: 0.000214 seconds.
  path: Assets/ToonyTinyPeople/TT_demo/animation/male/m_melee_combat_run_rm.FBX
  artifactKey: Guid(4289d981d5b7ac14f8b9f83b1edc5a80) Importer(815301076,1909f56bfc062723c751e8b465ee728b)
Start importing Assets/ToonyTinyPeople/TT_demo/animation/male/m_melee_combat_run_rm.FBX using Guid(4289d981d5b7ac14f8b9f83b1edc5a80) Importer(815301076,1909f56bfc062723c751e8b465ee728b)  -> (artifact id: 'ee561b52a41511b885f2a698e6031d8d') in 0.004914 seconds 
  Import took 0.006734 seconds .

========================================================================
Received Import Request.
  Time since last request: 22.732109 seconds.
  path: Assets/Animations/Zombie Animator.controller
  artifactKey: Guid(80e9a09ae2109284cb20e49d352a774b) Importer(815301076,1909f56bfc062723c751e8b465ee728b)
Start importing Assets/Animations/Zombie Animator.controller using Guid(80e9a09ae2109284cb20e49d352a774b) Importer(815301076,1909f56bfc062723c751e8b465ee728b)  -> (artifact id: '79cf8e6cdbfaff2c12a37c720cce15de') in 0.074430 seconds 
  Import took 0.079830 seconds .

========================================================================
Received Import Request.
  Time since last request: 159.617208 seconds.
  path: Assets/Animations/Player Animation.controller
  artifactKey: Guid(a63bc46158d6140239c59438117db43b) Importer(815301076,1909f56bfc062723c751e8b465ee728b)
Start importing Assets/Animations/Player Animation.controller using Guid(a63bc46158d6140239c59438117db43b) Importer(815301076,1909f56bfc062723c751e8b465ee728b)  -> (artifact id: '0a76fbd1895f8fb22935cfbadd50ed60') in 0.002777 seconds 
  Import took 0.005230 seconds .

========================================================================
Received Prepare
Registering precompiled user dll's ...
Registered in 0.002939 seconds.
Begin MonoManager ReloadAssembly
Native extension for OSXStandalone target not found
Refreshing native plugins compatible for Editor in 0.39 ms, found 2 plugins.
Preloading 0 native plugins for Editor in 0.00 ms.
2022-06-08 18:42:11.927 Unity[20786:5440316] NSEventModifierFlagFunction specified to -setKeyEquivalentModifierMask: for item <NSMenuItem: 0x60000385b410 Font Asset, ke='Command-F12'>, but is only supported for system-provided menu items; will not be used
Mono: successfully reloaded assembly
- Completed reload, in  2.173 seconds
Domain Reload Profiling:
	ReloadAssembly (2174ms)
		BeginReloadAssembly (196ms)
			ExecutionOrderSort (0ms)
			DisableScriptedObjects (31ms)
			BackupInstance (0ms)
			ReleaseScriptingObjects (0ms)
			CreateAndSetChildDomain (57ms)
		EndReloadAssembly (1893ms)
			LoadAssemblies (167ms)
			RebuildTransferFunctionScriptingTraits (0ms)
			SetupTypeCache (325ms)
			ReleaseScriptCaches (1ms)
			RebuildScriptCaches (43ms)
			SetupLoadedEditorAssemblies (1078ms)
				LogAssemblyErrors (0ms)
				InitializePlatformSupportModulesInManaged (10ms)
				SetLoadedEditorAssemblies (2ms)
				RefreshPlugins (0ms)
				BeforeProcessingInitializeOnLoad (222ms)
				ProcessInitializeOnLoadAttributes (789ms)
				ProcessInitializeOnLoadMethodAttributes (53ms)
				AfterProcessingInitializeOnLoad (1ms)
				EditorAssembliesLoaded (0ms)
			ExecutionOrderSort2 (0ms)
			AwakeInstancesAfterBackupRestoration (29ms)
Platform modules already initialized, skipping
Refreshing native plugins compatible for Editor in 0.38 ms, found 2 plugins.
Preloading 0 native plugins for Editor in 0.00 ms.
Unloading 1842 Unused Serialized files (Serialized files now loaded: 0)
System memory in use before: 209.1 MB.
System memory in use after: 209.2 MB.

Unloading 16 unused Assets to reduce memory usage. Loaded Objects now: 2333.
Total: 2.090375 ms (FindLiveObjects: 0.067416 ms CreateObjectMapping: 0.035250 ms MarkObjects: 1.971750 ms  DeleteObjects: 0.015416 ms)

AssetImportParameters requested are different than current active one (requested -> active):
  custom:video-decoder-ogg-theora: a1e56fd34408186e4bbccfd4996cb3dc -> 
  custom:container-muxer-webm: aa71ff27fc2769a1b78a27578f13a17b -> 
  custom:container-demuxer-webm: 4f35f7cbe854078d1ac9338744f61a02 -> 
  custom:container-demuxer-ogg: 62fdf1f143b41e24485cea50d1cbac27 -> 
  custom:video-encoder-webm-vp8: eb34c28f22e8b96e1ab97ce403110664 -> 
  custom:framework-osx-AVFoundation: e770b220cccbd017edd2c1fefb359320 -> 
  custom:video-decoder-webm-vp8: 9c59270c3fd7afecdb556c50c9e8de78 -> 
  custom:audio-decoder-ogg-vorbis: bf7c407c2cedff20999df2af8eb42d56 -> 
  custom:audio-encoder-webm-vorbis: bf7c407c2cedff20999df2af8eb42d56 -> 
========================================================================
Received Prepare
Registering precompiled user dll's ...
Registered in 0.001872 seconds.
Begin MonoManager ReloadAssembly
Native extension for OSXStandalone target not found
Refreshing native plugins compatible for Editor in 0.43 ms, found 2 plugins.
Preloading 0 native plugins for Editor in 0.00 ms.
2022-06-08 18:44:06.639 Unity[20786:5440316] NSEventModifierFlagFunction specified to -setKeyEquivalentModifierMask: for item <NSMenuItem: 0x600003837db0 Font Asset, ke='Command-F12'>, but is only supported for system-provided menu items; will not be used
Mono: successfully reloaded assembly
- Completed reload, in  2.229 seconds
Domain Reload Profiling:
	ReloadAssembly (2230ms)
		BeginReloadAssembly (195ms)
			ExecutionOrderSort (0ms)
			DisableScriptedObjects (31ms)
			BackupInstance (0ms)
			ReleaseScriptingObjects (0ms)
			CreateAndSetChildDomain (59ms)
		EndReloadAssembly (1944ms)
			LoadAssemblies (173ms)
			RebuildTransferFunctionScriptingTraits (0ms)
			SetupTypeCache (337ms)
			ReleaseScriptCaches (1ms)
			RebuildScriptCaches (46ms)
			SetupLoadedEditorAssemblies (1100ms)
				LogAssemblyErrors (0ms)
				InitializePlatformSupportModulesInManaged (11ms)
				SetLoadedEditorAssemblies (2ms)
				RefreshPlugins (0ms)
				BeforeProcessingInitializeOnLoad (227ms)
				ProcessInitializeOnLoadAttributes (829ms)
				ProcessInitializeOnLoadMethodAttributes (29ms)
				AfterProcessingInitializeOnLoad (1ms)
				EditorAssembliesLoaded (0ms)
			ExecutionOrderSort2 (0ms)
			AwakeInstancesAfterBackupRestoration (30ms)
Platform modules already initialized, skipping
Refreshing native plugins compatible for Editor in 0.41 ms, found 2 plugins.
Preloading 0 native plugins for Editor in 0.00 ms.
Unloading 1842 Unused Serialized files (Serialized files now loaded: 0)
System memory in use before: 209.3 MB.
System memory in use after: 209.4 MB.

Unloading 15 unused Assets to reduce memory usage. Loaded Objects now: 2335.
Total: 2.143708 ms (FindLiveObjects: 0.072625 ms CreateObjectMapping: 0.036416 ms MarkObjects: 2.016584 ms  DeleteObjects: 0.017500 ms)

AssetImportParameters requested are different than current active one (requested -> active):
  custom:video-decoder-ogg-theora: a1e56fd34408186e4bbccfd4996cb3dc -> 
  custom:container-muxer-webm: aa71ff27fc2769a1b78a27578f13a17b -> 
  custom:container-demuxer-webm: 4f35f7cbe854078d1ac9338744f61a02 -> 
  custom:container-demuxer-ogg: 62fdf1f143b41e24485cea50d1cbac27 -> 
  custom:video-encoder-webm-vp8: eb34c28f22e8b96e1ab97ce403110664 -> 
  custom:framework-osx-AVFoundation: e770b220cccbd017edd2c1fefb359320 -> 
  custom:video-decoder-webm-vp8: 9c59270c3fd7afecdb556c50c9e8de78 -> 
  custom:audio-decoder-ogg-vorbis: bf7c407c2cedff20999df2af8eb42d56 -> 
  custom:audio-encoder-webm-vorbis: bf7c407c2cedff20999df2af8eb42d56 -> 
========================================================================
Received Prepare
Registering precompiled user dll's ...
Registered in 0.001983 seconds.
Begin MonoManager ReloadAssembly
Native extension for OSXStandalone target not found
Refreshing native plugins compatible for Editor in 0.42 ms, found 2 plugins.
Preloading 0 native plugins for Editor in 0.00 ms.
2022-06-08 18:44:38.386 Unity[20786:5440316] NSEventModifierFlagFunction specified to -setKeyEquivalentModifierMask: for item <NSMenuItem: 0x600003837480 Font Asset, ke='Command-F12'>, but is only supported for system-provided menu items; will not be used
Mono: successfully reloaded assembly
- Completed reload, in  2.224 seconds
Domain Reload Profiling:
	ReloadAssembly (2225ms)
		BeginReloadAssembly (194ms)
			ExecutionOrderSort (0ms)
			DisableScriptedObjects (32ms)
			BackupInstance (0ms)
			ReleaseScriptingObjects (0ms)
			CreateAndSetChildDomain (58ms)
		EndReloadAssembly (1940ms)
			LoadAssemblies (173ms)
			RebuildTransferFunctionScriptingTraits (0ms)
			SetupTypeCache (343ms)
			ReleaseScriptCaches (1ms)
			RebuildScriptCaches (47ms)
			SetupLoadedEditorAssemblies (1095ms)
				LogAssemblyErrors (0ms)
				InitializePlatformSupportModulesInManaged (10ms)
				SetLoadedEditorAssemblies (2ms)
				RefreshPlugins (0ms)
				BeforeProcessingInitializeOnLoad (229ms)
				ProcessInitializeOnLoadAttributes (826ms)
				ProcessInitializeOnLoadMethodAttributes (27ms)
				AfterProcessingInitializeOnLoad (1ms)
				EditorAssembliesLoaded (0ms)
			ExecutionOrderSort2 (0ms)
			AwakeInstancesAfterBackupRestoration (28ms)
Platform modules already initialized, skipping
Refreshing native plugins compatible for Editor in 0.37 ms, found 2 plugins.
Preloading 0 native plugins for Editor in 0.00 ms.
Unloading 1842 Unused Serialized files (Serialized files now loaded: 0)
System memory in use before: 209.5 MB.
System memory in use after: 209.6 MB.

Unloading 15 unused Assets to reduce memory usage. Loaded Objects now: 2337.
Total: 2.063541 ms (FindLiveObjects: 0.066875 ms CreateObjectMapping: 0.034417 ms MarkObjects: 1.945667 ms  DeleteObjects: 0.015958 ms)

AssetImportParameters requested are different than current active one (requested -> active):
  custom:video-decoder-ogg-theora: a1e56fd34408186e4bbccfd4996cb3dc -> 
  custom:container-muxer-webm: aa71ff27fc2769a1b78a27578f13a17b -> 
  custom:container-demuxer-webm: 4f35f7cbe854078d1ac9338744f61a02 -> 
  custom:container-demuxer-ogg: 62fdf1f143b41e24485cea50d1cbac27 -> 
  custom:video-encoder-webm-vp8: eb34c28f22e8b96e1ab97ce403110664 -> 
  custom:framework-osx-AVFoundation: e770b220cccbd017edd2c1fefb359320 -> 
  custom:video-decoder-webm-vp8: 9c59270c3fd7afecdb556c50c9e8de78 -> 
  custom:audio-decoder-ogg-vorbis: bf7c407c2cedff20999df2af8eb42d56 -> 
  custom:audio-encoder-webm-vorbis: bf7c407c2cedff20999df2af8eb42d56 -> 
========================================================================
Received Import Request.
  Time since last request: 810.030531 seconds.
  path: Assets/ToonyTinyPeople/TT_demo/models/Materials/TT_demo.mat
  artifactKey: Guid(8fd192304df88db499eedb3456dc6d67) Importer(815301076,1909f56bfc062723c751e8b465ee728b)
Start importing Assets/ToonyTinyPeople/TT_demo/models/Materials/TT_demo.mat using Guid(8fd192304df88db499eedb3456dc6d67) Importer(815301076,1909f56bfc062723c751e8b465ee728b)  -> (artifact id: 'a23935dd97609b55c4b10874347d7452') in 0.254623 seconds 
  Import took 0.260542 seconds .

========================================================================
Received Import Request.
  Time since last request: 0.000285 seconds.
  path: Assets/ToonyTinyPeople/TT_demo/models/Materials/TT_demo_texture.tga
  artifactKey: Guid(7a97bf571a8477f449be264c891871e1) Importer(815301076,1909f56bfc062723c751e8b465ee728b)
Start importing Assets/ToonyTinyPeople/TT_demo/models/Materials/TT_demo_texture.tga using Guid(7a97bf571a8477f449be264c891871e1) Importer(815301076,1909f56bfc062723c751e8b465ee728b)  -> (artifact id: '50898c8e84709fc4873e48a21a57b3e9') in 0.503716 seconds 
  Import took 0.507786 seconds .

========================================================================
Received Import Request.
  Time since last request: 10.848160 seconds.
  path: Assets/ToonyTinyPeople/TT_demo/sample_scene/ground.mat
  artifactKey: Guid(434413e1195066545a96066e385c44e8) Importer(815301076,1909f56bfc062723c751e8b465ee728b)
Start importing Assets/ToonyTinyPeople/TT_demo/sample_scene/ground.mat using Guid(434413e1195066545a96066e385c44e8) Importer(815301076,1909f56bfc062723c751e8b465ee728b)  -> (artifact id: '33c8b73331370bbf4b774172c6234d54') in 0.026227 seconds 
  Import took 0.031174 seconds .

========================================================================
Received Import Request.
  Time since last request: 0.000322 seconds.
  path: Assets/ToonyTinyPeople/TT_demo/sample_scene/quad.tga
  artifactKey: Guid(5781fa2bdcc6cfc4aa608dc751feff4d) Importer(815301076,1909f56bfc062723c751e8b465ee728b)
Start importing Assets/ToonyTinyPeople/TT_demo/sample_scene/quad.tga using Guid(5781fa2bdcc6cfc4aa608dc751feff4d) Importer(815301076,1909f56bfc062723c751e8b465ee728b)  -> (artifact id: 'c8cfc3ca20624c9ea9ff12517ef758c4') in 0.011335 seconds 
  Import took 0.014507 seconds .

========================================================================
Received Import Request.
  Time since last request: 31.295627 seconds.
  path: Assets/ToonyTinyPeople/TT_demo/models/TT_demo_female.FBX
  artifactKey: Guid(3cefbbfe8c81fbb4283daa116169ef21) Importer(815301076,1909f56bfc062723c751e8b465ee728b)
Start importing Assets/ToonyTinyPeople/TT_demo/models/TT_demo_female.FBX using Guid(3cefbbfe8c81fbb4283daa116169ef21) Importer(815301076,1909f56bfc062723c751e8b465ee728b)  -> (artifact id: '1d6c096f7197d7aa5cb739c96c1760ec') in 0.165472 seconds 
  Import took 0.168052 seconds .

========================================================================
Received Import Request.
  Time since last request: 0.000284 seconds.
  path: Assets/ToonyTinyPeople/TT_demo/models/TT_demo_male_A.FBX
  artifactKey: Guid(eb062aa776e44954d94c4c2f76ebc148) Importer(815301076,1909f56bfc062723c751e8b465ee728b)
Start importing Assets/ToonyTinyPeople/TT_demo/models/TT_demo_male_A.FBX using Guid(eb062aa776e44954d94c4c2f76ebc148) Importer(815301076,1909f56bfc062723c751e8b465ee728b)  -> (artifact id: 'df6d2684decf1287803be13e6aa61512') in 0.042777 seconds 
  Import took 0.045134 seconds .

========================================================================
Received Import Request.
  Time since last request: 0.000285 seconds.
  path: Assets/ToonyTinyPeople/TT_demo/models/TT_demo_zombie.FBX
  artifactKey: Guid(f88c8301226fd194cbbc64e25b20d567) Importer(815301076,1909f56bfc062723c751e8b465ee728b)
Start importing Assets/ToonyTinyPeople/TT_demo/models/TT_demo_zombie.FBX using Guid(f88c8301226fd194cbbc64e25b20d567) Importer(815301076,1909f56bfc062723c751e8b465ee728b)  -> (artifact id: '5bfe45853bbc14f15e5146dfe62c6fce') in 0.024189 seconds 
  Import took 0.026555 seconds .

========================================================================
Received Import Request.
  Time since last request: 0.000241 seconds.
  path: Assets/ToonyTinyPeople/TT_demo/models/TT_demo_male_B.FBX
  artifactKey: Guid(fbbb7e0ccd296444f8f4cb972237bf3a) Importer(815301076,1909f56bfc062723c751e8b465ee728b)
Start importing Assets/ToonyTinyPeople/TT_demo/models/TT_demo_male_B.FBX using Guid(fbbb7e0ccd296444f8f4cb972237bf3a) Importer(815301076,1909f56bfc062723c751e8b465ee728b)  -> (artifact id: 'ed529ee76c9dd1612ba68b58c12657aa') in 0.024181 seconds 
  Import took 0.026579 seconds .

========================================================================
Received Import Request.
  Time since last request: 0.000257 seconds.
  path: Assets/ToonyTinyPeople/TT_demo/models/TT_demo_police.FBX
  artifactKey: Guid(fdfb5e1c4a1b339489c0eddebb1ab872) Importer(815301076,1909f56bfc062723c751e8b465ee728b)
Start importing Assets/ToonyTinyPeople/TT_demo/models/TT_demo_police.FBX using Guid(fdfb5e1c4a1b339489c0eddebb1ab872) Importer(815301076,1909f56bfc062723c751e8b465ee728b)  -> (artifact id: '24c3cd2a6fc18d1b179aad86a6f8a138') in 0.047290 seconds 
  Import took 0.049592 seconds .

========================================================================
Received Import Request.
  Time since last request: 47.994940 seconds.
  path: Assets/ToonyTinyPeople/TT_demo/animation/female/f_death_A.FBX
  artifactKey: Guid(439cb5ba9185e744ab22f8b7c85de62d) Importer(815301076,1909f56bfc062723c751e8b465ee728b)
Start importing Assets/ToonyTinyPeople/TT_demo/animation/female/f_death_A.FBX using Guid(439cb5ba9185e744ab22f8b7c85de62d) Importer(815301076,1909f56bfc062723c751e8b465ee728b)  -> (artifact id: 'd4cc35193146f574c62a45f4c110dce3') in 0.007621 seconds 
  Import took 0.010697 seconds .

========================================================================
Received Import Request.
  Time since last request: 0.000255 seconds.
  path: Assets/ToonyTinyPeople/TT_demo/animation/female/f_melee_combat_run.FBX
  artifactKey: Guid(5b7c6009246c70644acfab1158c5529d) Importer(815301076,1909f56bfc062723c751e8b465ee728b)
Start importing Assets/ToonyTinyPeople/TT_demo/animation/female/f_melee_combat_run.FBX using Guid(5b7c6009246c70644acfab1158c5529d) Importer(815301076,1909f56bfc062723c751e8b465ee728b)  -> (artifact id: '44ed63c2f306ca193487179418fb9109') in 0.005738 seconds 
  Import took 0.008106 seconds .

========================================================================
Received Import Request.
  Time since last request: 0.000219 seconds.
  path: Assets/ToonyTinyPeople/TT_demo/animation/female/f_run_rm.FBX
  artifactKey: Guid(516dfe9f6dfd51645b6698e09d486b96) Importer(815301076,1909f56bfc062723c751e8b465ee728b)
Start importing Assets/ToonyTinyPeople/TT_demo/animation/female/f_run_rm.FBX using Guid(516dfe9f6dfd51645b6698e09d486b96) Importer(815301076,1909f56bfc062723c751e8b465ee728b)  -> (artifact id: '71bc1a5710d24d5129ea6f1087f1e423') in 0.005186 seconds 
  Import took 0.007505 seconds .

========================================================================
Received Import Request.
  Time since last request: 0.000217 seconds.
  path: Assets/ToonyTinyPeople/TT_demo/animation/female/f_run.FBX
  artifactKey: Guid(0847a0b7fc33c8a4fb959b7da2c742ef) Importer(815301076,1909f56bfc062723c751e8b465ee728b)
Start importing Assets/ToonyTinyPeople/TT_demo/animation/female/f_run.FBX using Guid(0847a0b7fc33c8a4fb959b7da2c742ef) Importer(815301076,1909f56bfc062723c751e8b465ee728b)  -> (artifact id: 'a32def36f8d7cddefda640d104f57dd8') in 0.005831 seconds 
  Import took 0.008192 seconds .

========================================================================
Received Import Request.
  Time since last request: 0.000259 seconds.
  path: Assets/ToonyTinyPeople/TT_demo/animation/female/f_idle_A.FBX
  artifactKey: Guid(103a90a3600679b4697f20cc5792b742) Importer(815301076,1909f56bfc062723c751e8b465ee728b)
Start importing Assets/ToonyTinyPeople/TT_demo/animation/female/f_idle_A.FBX using Guid(103a90a3600679b4697f20cc5792b742) Importer(815301076,1909f56bfc062723c751e8b465ee728b)  -> (artifact id: '007399730c879250e293153547fb7e6d') in 0.005005 seconds 
  Import took 0.007341 seconds .

========================================================================
Received Import Request.
  Time since last request: 0.000182 seconds.
  path: Assets/ToonyTinyPeople/TT_demo/animation/female/f_melee_combat_idle.FBX
  artifactKey: Guid(db6b2a3bb2f40834d9f4f8320dc20656) Importer(815301076,1909f56bfc062723c751e8b465ee728b)
Start importing Assets/ToonyTinyPeople/TT_demo/animation/female/f_melee_combat_idle.FBX using Guid(db6b2a3bb2f40834d9f4f8320dc20656) Importer(815301076,1909f56bfc062723c751e8b465ee728b)  -> (artifact id: 'df734865d316657f069045318a678708') in 0.005031 seconds 
  Import took 0.007126 seconds .

========================================================================
Received Import Request.
  Time since last request: 0.000195 seconds.
  path: Assets/ToonyTinyPeople/TT_demo/animation/female/f_melee_combat_run_rm.FBX
  artifactKey: Guid(a5318871f06c2ec419fa67feabe2667c) Importer(815301076,1909f56bfc062723c751e8b465ee728b)
Start importing Assets/ToonyTinyPeople/TT_demo/animation/female/f_melee_combat_run_rm.FBX using Guid(a5318871f06c2ec419fa67feabe2667c) Importer(815301076,1909f56bfc062723c751e8b465ee728b)  -> (artifact id: 'e4010d88929f6bccd9515ce484beeed0') in 0.005579 seconds 
  Import took 0.007729 seconds .

========================================================================
Received Import Request.
  Time since last request: 0.000251 seconds.
  path: Assets/ToonyTinyPeople/TT_demo/animation/female/f_melee_combat_attack_A.FBX
  artifactKey: Guid(9d953fa5dc3e2c943a2d0eee3a072c0d) Importer(815301076,1909f56bfc062723c751e8b465ee728b)
Start importing Assets/ToonyTinyPeople/TT_demo/animation/female/f_melee_combat_attack_A.FBX using Guid(9d953fa5dc3e2c943a2d0eee3a072c0d) Importer(815301076,1909f56bfc062723c751e8b465ee728b)  -> (artifact id: '5f483d3628ee104b7adc1e1cd8af0381') in 0.005145 seconds 
  Import took 0.007273 seconds .

========================================================================
Received Import Request.
  Time since last request: 1.889173 seconds.
  path: Assets/ToonyTinyPeople/TT_demo/animation/female/f_walk.FBX
  artifactKey: Guid(bcc64d51e079b6b4598ee4d3eceb0f6d) Importer(815301076,1909f56bfc062723c751e8b465ee728b)
Start importing Assets/ToonyTinyPeople/TT_demo/animation/female/f_walk.FBX using Guid(bcc64d51e079b6b4598ee4d3eceb0f6d) Importer(815301076,1909f56bfc062723c751e8b465ee728b)  -> (artifact id: 'dd0f0e82e466130842ac97a564bee80d') in 0.011711 seconds 
  Import took 0.016521 seconds .

========================================================================
Received Import Request.
  Time since last request: 0.000287 seconds.
  path: Assets/ToonyTinyPeople/TT_demo/animation/female/f_walk_rm.FBX
  artifactKey: Guid(bb6efc974b1030f4c95eff1c0e5097f0) Importer(815301076,1909f56bfc062723c751e8b465ee728b)
Start importing Assets/ToonyTinyPeople/TT_demo/animation/female/f_walk_rm.FBX using Guid(bb6efc974b1030f4c95eff1c0e5097f0) Importer(815301076,1909f56bfc062723c751e8b465ee728b)  -> (artifact id: '1b99e0ecd87c8e49700a3635b08c6fcc') in 0.008901 seconds 
  Import took 0.012868 seconds .

========================================================================
Received Import Request.
  Time since last request: 2.018160 seconds.
  path: Assets/RPG_FPS_game_assets_industrial/Other_props/Fans/Fan_v1/Source/Fan_v1_1.FBX
  artifactKey: Guid(cdc7d5a89ab2ba14399bfe1e3a8c369d) Importer(815301076,1909f56bfc062723c751e8b465ee728b)
Start importing Assets/RPG_FPS_game_assets_industrial/Other_props/Fans/Fan_v1/Source/Fan_v1_1.FBX using Guid(cdc7d5a89ab2ba14399bfe1e3a8c369d) Importer(815301076,1909f56bfc062723c751e8b465ee728b)  -> (artifact id: '1d213f137acab2b71a04bae3fe74ee26') in 0.056839 seconds 
  Import took 0.061484 seconds .

========================================================================
Received Import Request.
  Time since last request: 0.000257 seconds.
  path: Assets/RPG_FPS_game_assets_industrial/Other_props/Fans/Fan_v1/Source/Fan_v1_2.FBX
  artifactKey: Guid(5ba094864e47b6844babb67dcface057) Importer(815301076,1909f56bfc062723c751e8b465ee728b)
Start importing Assets/RPG_FPS_game_assets_industrial/Other_props/Fans/Fan_v1/Source/Fan_v1_2.FBX using Guid(5ba094864e47b6844babb67dcface057) Importer(815301076,1909f56bfc062723c751e8b465ee728b)  -> (artifact id: '98350ed571cc698f8d5eb6b0f5b8ebf3') in 0.035033 seconds 
  Import took 0.037679 seconds .

========================================================================
Received Import Request.
  Time since last request: 68.635527 seconds.
  path: Assets/Animations/Handgun Animation.controller
  artifactKey: Guid(90ef43b94c6354c0085f9c90a61cf0d7) Importer(815301076,1909f56bfc062723c751e8b465ee728b)
Start importing Assets/Animations/Handgun Animation.controller using Guid(90ef43b94c6354c0085f9c90a61cf0d7) Importer(815301076,1909f56bfc062723c751e8b465ee728b)  -> (artifact id: '50bcc7aab3424738494a049c028488c1') in 0.004619 seconds 
  Import took 0.006868 seconds .

========================================================================
Received Import Request.
  Time since last request: 382.914618 seconds.
  path: Assets/ToonyTinyPeople/TT_demo/animation/male
  artifactKey: Guid(d37ce0bd81e182446a5317ee1c4a623d) Importer(815301076,1909f56bfc062723c751e8b465ee728b)
Start importing Assets/ToonyTinyPeople/TT_demo/animation/male using Guid(d37ce0bd81e182446a5317ee1c4a623d) Importer(815301076,1909f56bfc062723c751e8b465ee728b)  -> (artifact id: 'd80c4051d91ddbdbe80d3b6dde4e6e94') in 0.001474 seconds 
  Import took 0.005082 seconds .

========================================================================
Received Import Request.
  Time since last request: 108.247037 seconds.
  path: Assets/Animations/Player Animation.controller
  artifactKey: Guid(a63bc46158d6140239c59438117db43b) Importer(815301076,1909f56bfc062723c751e8b465ee728b)
Start importing Assets/Animations/Player Animation.controller using Guid(a63bc46158d6140239c59438117db43b) Importer(815301076,1909f56bfc062723c751e8b465ee728b)  -> (artifact id: '22cb31347c92648eeefcd1f7ca7fe417') in 0.004973 seconds 
  Import took 0.007340 seconds .

========================================================================
Received Import Request.
  Time since last request: 84.278087 seconds.
  path: Assets/RPG_FPS_game_assets_industrial/Other_props/Palets/Bags_on_pallet_v1/Source/Bags_on_pallet_v1_1.FBX
  artifactKey: Guid(fb7ec11849d48234fb97d02749a2d7ba) Importer(815301076,1909f56bfc062723c751e8b465ee728b)
Start importing Assets/RPG_FPS_game_assets_industrial/Other_props/Palets/Bags_on_pallet_v1/Source/Bags_on_pallet_v1_1.FBX using Guid(fb7ec11849d48234fb97d02749a2d7ba) Importer(815301076,1909f56bfc062723c751e8b465ee728b)  -> (artifact id: 'b238f32493ad8ec38f9197d51143a535') in 0.014178 seconds 
  Import took 0.017202 seconds .

========================================================================
Received Import Request.
  Time since last request: 0.000188 seconds.
  path: Assets/RPG_FPS_game_assets_industrial/Other_props/Palets/Bags_on_pallet_v1/Source/Bags_on_pallet_v1_2.FBX
  artifactKey: Guid(b23c07dd2dbafb34696c5bfa2677ddb4) Importer(815301076,1909f56bfc062723c751e8b465ee728b)
Start importing Assets/RPG_FPS_game_assets_industrial/Other_props/Palets/Bags_on_pallet_v1/Source/Bags_on_pallet_v1_2.FBX using Guid(b23c07dd2dbafb34696c5bfa2677ddb4) Importer(815301076,1909f56bfc062723c751e8b465ee728b)  -> (artifact id: '26d9c13c8960ef3486eaf9ee36f52337') in 0.011326 seconds 
  Import took 0.013567 seconds .

========================================================================
Received Import Request.
  Time since last request: 0.000264 seconds.
  path: Assets/RPG_FPS_game_assets_industrial/Barrels/Barrel_v1/Source/Barrel_v1.FBX
  artifactKey: Guid(ffd14148582c4f84f867ad56a7b3dafd) Importer(815301076,1909f56bfc062723c751e8b465ee728b)
Start importing Assets/RPG_FPS_game_assets_industrial/Barrels/Barrel_v1/Source/Barrel_v1.FBX using Guid(ffd14148582c4f84f867ad56a7b3dafd) Importer(815301076,1909f56bfc062723c751e8b465ee728b)  -> (artifact id: '2bb4bb7c58cfa6b0ca5bd15c38dd8863') in 0.034837 seconds 
  Import took 0.037103 seconds .

========================================================================
Received Import Request.
  Time since last request: 0.000221 seconds.
  path: Assets/RPG_FPS_game_assets_industrial/Barrels/Barrel_v1/Barrel_v1_LD2.prefab
  artifactKey: Guid(17002e90aebb00b40a69cf6fe9083dfc) Importer(815301076,1909f56bfc062723c751e8b465ee728b)
Start importing Assets/RPG_FPS_game_assets_industrial/Barrels/Barrel_v1/Barrel_v1_LD2.prefab using Guid(17002e90aebb00b40a69cf6fe9083dfc) Importer(815301076,1909f56bfc062723c751e8b465ee728b)  -> (artifact id: '9fa87fcdc7f3012c15d3b58ff585e011') in 0.058785 seconds 
  Import took 0.062967 seconds .

========================================================================
Received Import Request.
  Time since last request: 0.000224 seconds.
  path: Assets/RPG_FPS_game_assets_industrial/Other_props/Palets/Bags_on_pallet_v1/Bags_on_pallet_v1_2.prefab
  artifactKey: Guid(7664aa771caa1ce42965283fa24dbbd2) Importer(815301076,1909f56bfc062723c751e8b465ee728b)
Start importing Assets/RPG_FPS_game_assets_industrial/Other_props/Palets/Bags_on_pallet_v1/Bags_on_pallet_v1_2.prefab using Guid(7664aa771caa1ce42965283fa24dbbd2) Importer(815301076,1909f56bfc062723c751e8b465ee728b)  -> (artifact id: '6de4826db52e4444aeb487a49c36d013') in 0.009291 seconds 
  Import took 0.011207 seconds .

========================================================================
Received Import Request.
  Time since last request: 0.000257 seconds.
  path: Assets/RPG_FPS_game_assets_industrial/Barrels/Barrel_v1/Barrel_v1_LD3.prefab
  artifactKey: Guid(85a8f6f8dca77df4e9c05f21b5e8ed87) Importer(815301076,1909f56bfc062723c751e8b465ee728b)
Start importing Assets/RPG_FPS_game_assets_industrial/Barrels/Barrel_v1/Barrel_v1_LD3.prefab using Guid(85a8f6f8dca77df4e9c05f21b5e8ed87) Importer(815301076,1909f56bfc062723c751e8b465ee728b)  -> (artifact id: '9b1a82e848c0196dcd0eba76357de045') in 0.007228 seconds 
  Import took 0.009197 seconds .

========================================================================
Received Import Request.
  Time since last request: 0.000263 seconds.
  path: Assets/RPG_FPS_game_assets_industrial/Barrels/Barrel_v1/Barrel_v1_LD1.prefab
  artifactKey: Guid(a22c0c7e17126fa4f89534dc98bcac8f) Importer(815301076,1909f56bfc062723c751e8b465ee728b)
Start importing Assets/RPG_FPS_game_assets_industrial/Barrels/Barrel_v1/Barrel_v1_LD1.prefab using Guid(a22c0c7e17126fa4f89534dc98bcac8f) Importer(815301076,1909f56bfc062723c751e8b465ee728b)  -> (artifact id: '4db90b6796325595c47184c5ab9c9f76') in 0.007320 seconds 
  Import took 0.009254 seconds .

========================================================================
Received Import Request.
  Time since last request: 0.000218 seconds.
  path: Assets/RPG_FPS_game_assets_industrial/Other_props/Palets/Bags_on_pallet_v1/Bags_on_pallet_v1_1.prefab
  artifactKey: Guid(6d21e769def7d504ea22abcb06173633) Importer(815301076,1909f56bfc062723c751e8b465ee728b)
Start importing Assets/RPG_FPS_game_assets_industrial/Other_props/Palets/Bags_on_pallet_v1/Bags_on_pallet_v1_1.prefab using Guid(6d21e769def7d504ea22abcb06173633) Importer(815301076,1909f56bfc062723c751e8b465ee728b)  -> (artifact id: 'e1a022023f85883d71289f3aa406a64d') in 0.007965 seconds 
  Import took 0.010068 seconds .

========================================================================
Received Import Request.
  Time since last request: 0.944363 seconds.
  path: Assets/RPG_FPS_game_assets_industrial/Barrels/Barrel_v2/Source/Barrel_v2.FBX
  artifactKey: Guid(3693ef6778a2a2942b1a7b3f2e10c297) Importer(815301076,1909f56bfc062723c751e8b465ee728b)
Start importing Assets/RPG_FPS_game_assets_industrial/Barrels/Barrel_v2/Source/Barrel_v2.FBX using Guid(3693ef6778a2a2942b1a7b3f2e10c297) Importer(815301076,1909f56bfc062723c751e8b465ee728b)  -> (artifact id: 'c65de16086a2c4985a3860ac9270c46e') in 0.029739 seconds 
  Import took 0.032717 seconds .

========================================================================
Received Import Request.
  Time since last request: 0.000248 seconds.
  path: Assets/RPG_FPS_game_assets_industrial/Barrels/Barrel_v2/Barrel_v2_quadro.prefab
  artifactKey: Guid(efaf0e3818a9ab240983b51198f0a77a) Importer(815301076,1909f56bfc062723c751e8b465ee728b)
Start importing Assets/RPG_FPS_game_assets_industrial/Barrels/Barrel_v2/Barrel_v2_quadro.prefab using Guid(efaf0e3818a9ab240983b51198f0a77a) Importer(815301076,1909f56bfc062723c751e8b465ee728b)  -> (artifact id: 'ea40bfbe0b0ec9ff26207ccbd253ae74') in 0.008898 seconds 
  Import took 0.011042 seconds .

========================================================================
Received Import Request.
  Time since last request: 0.112571 seconds.
  path: Assets/RPG_FPS_game_assets_industrial/Barrels/Barrel_v2/Barrel_v2_single.prefab
  artifactKey: Guid(ddf0187b9b9cef54bab5c9c49969758a) Importer(815301076,1909f56bfc062723c751e8b465ee728b)
Start importing Assets/RPG_FPS_game_assets_industrial/Barrels/Barrel_v2/Barrel_v2_single.prefab using Guid(ddf0187b9b9cef54bab5c9c49969758a) Importer(815301076,1909f56bfc062723c751e8b465ee728b)  -> (artifact id: 'ebe1713ff74549da333ab0b3c3db4824') in 0.009249 seconds 
  Import took 0.012074 seconds .

========================================================================
Received Import Request.
  Time since last request: 0.000377 seconds.
  path: Assets/RPG_FPS_game_assets_industrial/Barrels/Barrel_v3/Source/Barrel_v3.FBX
  artifactKey: Guid(8bf7537d27999d4448c4145cad1f47e7) Importer(815301076,1909f56bfc062723c751e8b465ee728b)
Start importing Assets/RPG_FPS_game_assets_industrial/Barrels/Barrel_v3/Source/Barrel_v3.FBX using Guid(8bf7537d27999d4448c4145cad1f47e7) Importer(815301076,1909f56bfc062723c751e8b465ee728b)  -> (artifact id: '16a22f703e41ff070b15cb84942718c5') in 0.024549 seconds 
  Import took 0.026867 seconds .

========================================================================
Received Import Request.
  Time since last request: 0.237594 seconds.
  path: Assets/RPG_FPS_game_assets_industrial/Barrels/Barrel_v3/Barrel_v3_quadro.prefab
  artifactKey: Guid(9732a241b7bd0fa4a8e59553d6d8a2b0) Importer(815301076,1909f56bfc062723c751e8b465ee728b)
Start importing Assets/RPG_FPS_game_assets_industrial/Barrels/Barrel_v3/Barrel_v3_quadro.prefab using Guid(9732a241b7bd0fa4a8e59553d6d8a2b0) Importer(815301076,1909f56bfc062723c751e8b465ee728b)  -> (artifact id: 'bf4dc8a291ffdaf6fadf2db6824034cc') in 0.011454 seconds 
  Import took 0.014910 seconds .

========================================================================
Received Import Request.
  Time since last request: 0.000258 seconds.
  path: Assets/RPG_FPS_game_assets_industrial/Barrels/Barrel_v3/Barrel_v3_single.prefab
  artifactKey: Guid(a62abbb708e3f49489bde29e5cfc3ebd) Importer(815301076,1909f56bfc062723c751e8b465ee728b)
Start importing Assets/RPG_FPS_game_assets_industrial/Barrels/Barrel_v3/Barrel_v3_single.prefab using Guid(a62abbb708e3f49489bde29e5cfc3ebd) Importer(815301076,1909f56bfc062723c751e8b465ee728b)  -> (artifact id: 'e26e3632a9e3eaccbf185e8de5d1335c') in 0.008964 seconds 
  Import took 0.011579 seconds .

========================================================================
Received Import Request.
  Time since last request: 0.023809 seconds.
  path: Assets/RPG_FPS_game_assets_industrial/Containers/Cargo_container_v1/Source/Cargo_container_v1.FBX
  artifactKey: Guid(856f086268c2c1b4f8f1d4b9bc614217) Importer(815301076,1909f56bfc062723c751e8b465ee728b)
Start importing Assets/RPG_FPS_game_assets_industrial/Containers/Cargo_container_v1/Source/Cargo_container_v1.FBX using Guid(856f086268c2c1b4f8f1d4b9bc614217) Importer(815301076,1909f56bfc062723c751e8b465ee728b)  -> (artifact id: 'b21c2f8cbd02f8c3cb5500a2e6e9f71f') in 0.082159 seconds 
  Import took 0.085203 seconds .

========================================================================
Received Import Request.
  Time since last request: 0.000241 seconds.
  path: Assets/RPG_FPS_game_assets_industrial/Containers/Cargo_container_v1/Cargo_container_v1_LD1close.prefab
  artifactKey: Guid(84147b87204d0a0478bae9558d656ea2) Importer(815301076,1909f56bfc062723c751e8b465ee728b)
Start importing Assets/RPG_FPS_game_assets_industrial/Containers/Cargo_container_v1/Cargo_container_v1_LD1close.prefab using Guid(84147b87204d0a0478bae9558d656ea2) Importer(815301076,1909f56bfc062723c751e8b465ee728b)  -> (artifact id: '164ad80b35b9b6e81983d11efd053f31') in 0.010545 seconds 
  Import took 0.012611 seconds .

========================================================================
Received Import Request.
  Time since last request: 0.006371 seconds.
  path: Assets/RPG_FPS_game_assets_industrial/Containers/Cargo_container_v1/Cargo_container_v1_LD1doorL.prefab
  artifactKey: Guid(39d44540e05010d4b93511df0bd6e20b) Importer(815301076,1909f56bfc062723c751e8b465ee728b)
Start importing Assets/RPG_FPS_game_assets_industrial/Containers/Cargo_container_v1/Cargo_container_v1_LD1doorL.prefab using Guid(39d44540e05010d4b93511df0bd6e20b) Importer(815301076,1909f56bfc062723c751e8b465ee728b)  -> (artifact id: '51ab09dc39b36b6fca1d1fe00480bbea') in 0.009355 seconds 
  Import took 0.011865 seconds .

========================================================================
Received Import Request.
  Time since last request: 0.000204 seconds.
  path: Assets/RPG_FPS_game_assets_industrial/Containers/Cargo_container_v1/Cargo_container_v1_LD1doorR.prefab
  artifactKey: Guid(bd78ceace8eb93d42a9ee0bde8dbc598) Importer(815301076,1909f56bfc062723c751e8b465ee728b)
Start importing Assets/RPG_FPS_game_assets_industrial/Containers/Cargo_container_v1/Cargo_container_v1_LD1doorR.prefab using Guid(bd78ceace8eb93d42a9ee0bde8dbc598) Importer(815301076,1909f56bfc062723c751e8b465ee728b)  -> (artifact id: '70ae18aab1a493f3cae9d81ca71faf20') in 0.008541 seconds 
  Import took 0.010833 seconds .

========================================================================
Received Import Request.
  Time since last request: 0.061114 seconds.
  path: Assets/RPG_FPS_game_assets_industrial/Containers/Cargo_container_v1/Cargo_container_v1_LD1open.prefab
  artifactKey: Guid(75e99e987b1c5aa48b7b9e465f768fa3) Importer(815301076,1909f56bfc062723c751e8b465ee728b)
Start importing Assets/RPG_FPS_game_assets_industrial/Containers/Cargo_container_v1/Cargo_container_v1_LD1open.prefab using Guid(75e99e987b1c5aa48b7b9e465f768fa3) Importer(815301076,1909f56bfc062723c751e8b465ee728b)  -> (artifact id: '07305b5c9bd20cf2dc6001a527712ff0') in 0.010681 seconds 
  Import took 0.013468 seconds .

========================================================================
Received Import Request.
  Time since last request: 0.000263 seconds.
  path: Assets/RPG_FPS_game_assets_industrial/Containers/Cargo_container_v1/Cargo_container_v1_LD1through.prefab
  artifactKey: Guid(9615d776614809e4890301d5377aeb9f) Importer(815301076,1909f56bfc062723c751e8b465ee728b)
Start importing Assets/RPG_FPS_game_assets_industrial/Containers/Cargo_container_v1/Cargo_container_v1_LD1through.prefab using Guid(9615d776614809e4890301d5377aeb9f) Importer(815301076,1909f56bfc062723c751e8b465ee728b)  -> (artifact id: 'fee5900354130d66b19e0c24ba17c886') in 0.009296 seconds 
  Import took 0.011667 seconds .

========================================================================
Received Import Request.
  Time since last request: 0.095738 seconds.
  path: Assets/RPG_FPS_game_assets_industrial/Containers/Cargo_container_v1/Cargo_container_v1_LD2close.prefab
  artifactKey: Guid(58d97d456aead63499ac7d5316541f78) Importer(815301076,1909f56bfc062723c751e8b465ee728b)
Start importing Assets/RPG_FPS_game_assets_industrial/Containers/Cargo_container_v1/Cargo_container_v1_LD2close.prefab using Guid(58d97d456aead63499ac7d5316541f78) Importer(815301076,1909f56bfc062723c751e8b465ee728b)  -> (artifact id: '0e5ba56943f9ecdfe471fd33d62303a8') in 0.011092 seconds 
  Import took 0.014392 seconds .

========================================================================
Received Import Request.
  Time since last request: 0.000275 seconds.
  path: Assets/RPG_FPS_game_assets_industrial/Containers/Cargo_container_v1/Cargo_container_v1_LD2open.prefab
  artifactKey: Guid(c2028b62d7877e04194d5001429cff6b) Importer(815301076,1909f56bfc062723c751e8b465ee728b)
Start importing Assets/RPG_FPS_game_assets_industrial/Containers/Cargo_container_v1/Cargo_container_v1_LD2open.prefab using Guid(c2028b62d7877e04194d5001429cff6b) Importer(815301076,1909f56bfc062723c751e8b465ee728b)  -> (artifact id: '2de7158be1acbc153c36cc042d945598') in 0.009777 seconds 
  Import took 0.012143 seconds .

========================================================================
Received Import Request.
  Time since last request: 0.212912 seconds.
  path: Assets/RPG_FPS_game_assets_industrial/Containers/Cargo_container_v1/Cargo_container_v1_LD2through.prefab
  artifactKey: Guid(7efb7a11251ce1342b172668cbdc65c8) Importer(815301076,1909f56bfc062723c751e8b465ee728b)
Start importing Assets/RPG_FPS_game_assets_industrial/Containers/Cargo_container_v1/Cargo_container_v1_LD2through.prefab using Guid(7efb7a11251ce1342b172668cbdc65c8) Importer(815301076,1909f56bfc062723c751e8b465ee728b)  -> (artifact id: '2fce654cd6b5b0d332b7ce3fb306e5b5') in 0.014617 seconds 
  Import took 0.018669 seconds .

========================================================================
Received Import Request.
  Time since last request: 0.000277 seconds.
  path: Assets/RPG_FPS_game_assets_industrial/Fences/Concrete_fences/Concrete_fence_v1/Source/Concrete_fence_v1.FBX
  artifactKey: Guid(3a8f58244ff42dd4687b2e136c464c50) Importer(815301076,1909f56bfc062723c751e8b465ee728b)
Start importing Assets/RPG_FPS_game_assets_industrial/Fences/Concrete_fences/Concrete_fence_v1/Source/Concrete_fence_v1.FBX using Guid(3a8f58244ff42dd4687b2e136c464c50) Importer(815301076,1909f56bfc062723c751e8b465ee728b)  -> (artifact id: '1792f688a55dff6945aa902f551f6dca') in 0.097600 seconds 
  Import took 0.100695 seconds .

========================================================================
Received Import Request.
  Time since last request: 3.706034 seconds.
  path: Assets/RPG_FPS_game_assets_industrial/Fences/Concrete_fences/Concrete_fence_v1/Concrete_fence_v1_c2.prefab
  artifactKey: Guid(f13df3da23764d54493c4cd7f9a0d3f6) Importer(815301076,1909f56bfc062723c751e8b465ee728b)
Start importing Assets/RPG_FPS_game_assets_industrial/Fences/Concrete_fences/Concrete_fence_v1/Concrete_fence_v1_c2.prefab using Guid(f13df3da23764d54493c4cd7f9a0d3f6) Importer(815301076,1909f56bfc062723c751e8b465ee728b)  -> (artifact id: '693d2edae2ee7f407677286e747cee6a') in 0.010630 seconds 
  Import took 0.013287 seconds .

========================================================================
Received Import Request.
  Time since last request: 0.000177 seconds.
  path: Assets/RPG_FPS_game_assets_industrial/Fences/Concrete_fences/Concrete_fence_v1/Concrete_fence_v1_L2.prefab
  artifactKey: Guid(21cd13e1bef6c4d49b6a39c0979ddb31) Importer(815301076,1909f56bfc062723c751e8b465ee728b)
Start importing Assets/RPG_FPS_game_assets_industrial/Fences/Concrete_fences/Concrete_fence_v1/Concrete_fence_v1_L2.prefab using Guid(21cd13e1bef6c4d49b6a39c0979ddb31) Importer(815301076,1909f56bfc062723c751e8b465ee728b)  -> (artifact id: '3b7c23f2e7939ce62f38c4e1fa662ec9') in 0.008304 seconds 
  Import took 0.010441 seconds .

========================================================================
Received Import Request.
  Time since last request: 0.000166 seconds.
  path: Assets/RPG_FPS_game_assets_industrial/Fences/Concrete_fences/Concrete_fence_v1/Concrete_fence_v1_wall_set_v1.prefab
  artifactKey: Guid(f5c94d7d7f024eb43b7dd5258c0608d0) Importer(815301076,1909f56bfc062723c751e8b465ee728b)
Start importing Assets/RPG_FPS_game_assets_industrial/Fences/Concrete_fences/Concrete_fence_v1/Concrete_fence_v1_wall_set_v1.prefab using Guid(f5c94d7d7f024eb43b7dd5258c0608d0) Importer(815301076,1909f56bfc062723c751e8b465ee728b)  -> (artifact id: 'eb8a002e5e20aa296ee4e19c4087975f') in 0.007702 seconds 
  Import took 0.009773 seconds .

========================================================================
Received Import Request.
  Time since last request: 0.000220 seconds.
  path: Assets/RPG_FPS_game_assets_industrial/Fences/Concrete_fences/Concrete_fence_v1/Concrete_fence_v1_s1.prefab
  artifactKey: Guid(8270a6a93cde92045a7d335d31b2ece4) Importer(815301076,1909f56bfc062723c751e8b465ee728b)
Start importing Assets/RPG_FPS_game_assets_industrial/Fences/Concrete_fences/Concrete_fence_v1/Concrete_fence_v1_s1.prefab using Guid(8270a6a93cde92045a7d335d31b2ece4) Importer(815301076,1909f56bfc062723c751e8b465ee728b)  -> (artifact id: 'b382f3ccec122fb75a1227ef02946c3a') in 0.008500 seconds 
  Import took 0.010517 seconds .

========================================================================
Received Import Request.
  Time since last request: 0.000207 seconds.
  path: Assets/RPG_FPS_game_assets_industrial/Fences/Concrete_fences/Concrete_fence_v1/Concrete_fence_v1_c4.prefab
  artifactKey: Guid(274192df2eb22c141b0d33bd4bc4a00b) Importer(815301076,1909f56bfc062723c751e8b465ee728b)
Start importing Assets/RPG_FPS_game_assets_industrial/Fences/Concrete_fences/Concrete_fence_v1/Concrete_fence_v1_c4.prefab using Guid(274192df2eb22c141b0d33bd4bc4a00b) Importer(815301076,1909f56bfc062723c751e8b465ee728b)  -> (artifact id: '27d1be6bd652dc04441ebad23e29fe13') in 0.007422 seconds 
  Import took 0.009510 seconds .

========================================================================
Received Import Request.
  Time since last request: 0.000206 seconds.
  path: Assets/RPG_FPS_game_assets_industrial/Fences/Concrete_fences/Concrete_fence_v1/Concrete_fence_v1_L1.prefab
  artifactKey: Guid(2f4317dc5431d094c984807bc210c317) Importer(815301076,1909f56bfc062723c751e8b465ee728b)
Start importing Assets/RPG_FPS_game_assets_industrial/Fences/Concrete_fences/Concrete_fence_v1/Concrete_fence_v1_L1.prefab using Guid(2f4317dc5431d094c984807bc210c317) Importer(815301076,1909f56bfc062723c751e8b465ee728b)  -> (artifact id: '54e0e5dc38e79bc94ed23e40dda4e15f') in 0.007530 seconds 
  Import took 0.009630 seconds .

========================================================================
Received Import Request.
  Time since last request: 0.000226 seconds.
  path: Assets/RPG_FPS_game_assets_industrial/Fences/Concrete_fences/Concrete_fence_v1/Concrete_fence_v1_c3.prefab
  artifactKey: Guid(594ca775bab9221489ec47078448f30b) Importer(815301076,1909f56bfc062723c751e8b465ee728b)
Start importing Assets/RPG_FPS_game_assets_industrial/Fences/Concrete_fences/Concrete_fence_v1/Concrete_fence_v1_c3.prefab using Guid(594ca775bab9221489ec47078448f30b) Importer(815301076,1909f56bfc062723c751e8b465ee728b)  -> (artifact id: 'd46728b777462a3f9ba05a2e99d4a59f') in 0.007864 seconds 
  Import took 0.009892 seconds .

========================================================================
Received Import Request.
  Time since last request: 0.000237 seconds.
  path: Assets/RPG_FPS_game_assets_industrial/Fences/Concrete_fences/Concrete_fence_v1/Concrete_fence_v1_s2.prefab
  artifactKey: Guid(81244cd240bc54b41aa108bba94a5623) Importer(815301076,1909f56bfc062723c751e8b465ee728b)
Start importing Assets/RPG_FPS_game_assets_industrial/Fences/Concrete_fences/Concrete_fence_v1/Concrete_fence_v1_s2.prefab using Guid(81244cd240bc54b41aa108bba94a5623) Importer(815301076,1909f56bfc062723c751e8b465ee728b)  -> (artifact id: '10312705b846e7ce56007d42f2000823') in 0.007328 seconds 
  Import took 0.009298 seconds .

========================================================================
Received Import Request.
  Time since last request: 0.000236 seconds.
  path: Assets/RPG_FPS_game_assets_industrial/Fences/Concrete_fences/Concrete_fence_v1/Concrete_fence_v1_column.prefab
  artifactKey: Guid(28b2b68147fce3c4187add1104d6ccd8) Importer(815301076,1909f56bfc062723c751e8b465ee728b)
Start importing Assets/RPG_FPS_game_assets_industrial/Fences/Concrete_fences/Concrete_fence_v1/Concrete_fence_v1_column.prefab using Guid(28b2b68147fce3c4187add1104d6ccd8) Importer(815301076,1909f56bfc062723c751e8b465ee728b)  -> (artifact id: 'f665b83c23fc0e2489e683d71843298d') in 0.008001 seconds 
  Import took 0.010107 seconds .

========================================================================
Received Import Request.
  Time since last request: 0.593577 seconds.
  path: Assets/RPG_FPS_game_assets_industrial/Other_props/Generators/Generator_v1/Source/Generator_v1.FBX
  artifactKey: Guid(c562f093a8293a149afd50618b46c18d) Importer(815301076,1909f56bfc062723c751e8b465ee728b)
Start importing Assets/RPG_FPS_game_assets_industrial/Other_props/Generators/Generator_v1/Source/Generator_v1.FBX using Guid(c562f093a8293a149afd50618b46c18d) Importer(815301076,1909f56bfc062723c751e8b465ee728b)  -> (artifact id: 'c918182af4aa3a8579dfa34963af8f3e') in 0.015389 seconds 
  Import took 0.018461 seconds .

========================================================================
Received Import Request.
  Time since last request: 581.705730 seconds.
  path: Assets/ToonyTinyPeople/TT_demo/animation/male/m_pistol_shoot.FBX
  artifactKey: Guid(9e3f937932b2a5649995a592185d9380) Importer(815301076,1909f56bfc062723c751e8b465ee728b)
Start importing Assets/ToonyTinyPeople/TT_demo/animation/male/m_pistol_shoot.FBX using Guid(9e3f937932b2a5649995a592185d9380) Importer(815301076,1909f56bfc062723c751e8b465ee728b)  -> (artifact id: 'f703662b8ff086640fd728465e111763') in 0.005530 seconds 
  Import took 0.008042 seconds .

========================================================================
Received Prepare
Registering precompiled user dll's ...
Registered in 0.003350 seconds.
Begin MonoManager ReloadAssembly
Native extension for OSXStandalone target not found
Refreshing native plugins compatible for Editor in 0.39 ms, found 2 plugins.
Preloading 0 native plugins for Editor in 0.00 ms.
2022-06-08 19:26:59.905 Unity[20786:5440316] NSEventModifierFlagFunction specified to -setKeyEquivalentModifierMask: for item <NSMenuItem: 0x6000038340e0 Font Asset, ke='Command-F12'>, but is only supported for system-provided menu items; will not be used
Mono: successfully reloaded assembly
- Completed reload, in  2.154 seconds
Domain Reload Profiling:
	ReloadAssembly (2155ms)
		BeginReloadAssembly (199ms)
			ExecutionOrderSort (0ms)
			DisableScriptedObjects (27ms)
			BackupInstance (0ms)
			ReleaseScriptingObjects (0ms)
			CreateAndSetChildDomain (56ms)
		EndReloadAssembly (1871ms)
			LoadAssemblies (188ms)
			RebuildTransferFunctionScriptingTraits (0ms)
			SetupTypeCache (317ms)
			ReleaseScriptCaches (1ms)
			RebuildScriptCaches (43ms)
			SetupLoadedEditorAssemblies (1065ms)
				LogAssemblyErrors (0ms)
				InitializePlatformSupportModulesInManaged (10ms)
				SetLoadedEditorAssemblies (2ms)
				RefreshPlugins (0ms)
				BeforeProcessingInitializeOnLoad (244ms)
				ProcessInitializeOnLoadAttributes (780ms)
				ProcessInitializeOnLoadMethodAttributes (27ms)
				AfterProcessingInitializeOnLoad (1ms)
				EditorAssembliesLoaded (0ms)
			ExecutionOrderSort2 (0ms)
			AwakeInstancesAfterBackupRestoration (27ms)
Platform modules already initialized, skipping
Refreshing native plugins compatible for Editor in 0.38 ms, found 2 plugins.
Preloading 0 native plugins for Editor in 0.00 ms.
Unloading 1842 Unused Serialized files (Serialized files now loaded: 0)
System memory in use before: 237.3 MB.
System memory in use after: 237.4 MB.

Unloading 16 unused Assets to reduce memory usage. Loaded Objects now: 2384.
Total: 2.048458 ms (FindLiveObjects: 0.077541 ms CreateObjectMapping: 0.035417 ms MarkObjects: 1.913500 ms  DeleteObjects: 0.021375 ms)

AssetImportParameters requested are different than current active one (requested -> active):
  custom:video-decoder-ogg-theora: a1e56fd34408186e4bbccfd4996cb3dc -> 
  custom:container-muxer-webm: aa71ff27fc2769a1b78a27578f13a17b -> 
  custom:container-demuxer-webm: 4f35f7cbe854078d1ac9338744f61a02 -> 
  custom:container-demuxer-ogg: 62fdf1f143b41e24485cea50d1cbac27 -> 
  custom:video-encoder-webm-vp8: eb34c28f22e8b96e1ab97ce403110664 -> 
  custom:framework-osx-AVFoundation: e770b220cccbd017edd2c1fefb359320 -> 
  custom:video-decoder-webm-vp8: 9c59270c3fd7afecdb556c50c9e8de78 -> 
  custom:audio-decoder-ogg-vorbis: bf7c407c2cedff20999df2af8eb42d56 -> 
  custom:audio-encoder-webm-vorbis: bf7c407c2cedff20999df2af8eb42d56 -> 
========================================================================
Received Import Request.
  Time since last request: 1872.044991 seconds.
  path: Assets/Scripts/ShootingSystem.cs
  artifactKey: Guid(b878f9b7685846b4b968a09ea0d6d166) Importer(815301076,1909f56bfc062723c751e8b465ee728b)
Start importing Assets/Scripts/ShootingSystem.cs using Guid(b878f9b7685846b4b968a09ea0d6d166) Importer(815301076,1909f56bfc062723c751e8b465ee728b)  -> (artifact id: 'b98ea499f7848c00fa0c31ba9c008695') in 0.008418 seconds 
  Import took 0.011053 seconds .

========================================================================
Received Import Request.
  Time since last request: 254.562861 seconds.
  path: Assets/Scripts/ShootingSystem.cs
  artifactKey: Guid(b878f9b7685846b4b968a09ea0d6d166) Importer(815301076,1909f56bfc062723c751e8b465ee728b)
Start importing Assets/Scripts/ShootingSystem.cs using Guid(b878f9b7685846b4b968a09ea0d6d166) Importer(815301076,1909f56bfc062723c751e8b465ee728b)  -> (artifact id: 'a526fecc9e7f64ce79904b6cb91d887c') in 0.005725 seconds 
  Import took 0.023550 seconds .

========================================================================
Received Prepare
Registering precompiled user dll's ...
Registered in 0.003882 seconds.
Begin MonoManager ReloadAssembly
Native extension for OSXStandalone target not found
Refreshing native plugins compatible for Editor in 0.41 ms, found 2 plugins.
Preloading 0 native plugins for Editor in 0.00 ms.
2022-06-08 19:52:33.291 Unity[20786:5440316] NSEventModifierFlagFunction specified to -setKeyEquivalentModifierMask: for item <NSMenuItem: 0x600003805c00 Font Asset, ke='Command-F12'>, but is only supported for system-provided menu items; will not be used
Mono: successfully reloaded assembly
- Completed reload, in  2.314 seconds
Domain Reload Profiling:
	ReloadAssembly (2315ms)
		BeginReloadAssembly (226ms)
			ExecutionOrderSort (0ms)
			DisableScriptedObjects (32ms)
			BackupInstance (0ms)
			ReleaseScriptingObjects (0ms)
			CreateAndSetChildDomain (78ms)
		EndReloadAssembly (1998ms)
			LoadAssemblies (187ms)
			RebuildTransferFunctionScriptingTraits (0ms)
			SetupTypeCache (341ms)
			ReleaseScriptCaches (1ms)
			RebuildScriptCaches (47ms)
			SetupLoadedEditorAssemblies (1136ms)
				LogAssemblyErrors (0ms)
				InitializePlatformSupportModulesInManaged (11ms)
				SetLoadedEditorAssemblies (2ms)
				RefreshPlugins (0ms)
				BeforeProcessingInitializeOnLoad (233ms)
				ProcessInitializeOnLoadAttributes (857ms)
				ProcessInitializeOnLoadMethodAttributes (32ms)
				AfterProcessingInitializeOnLoad (1ms)
				EditorAssembliesLoaded (0ms)
			ExecutionOrderSort2 (0ms)
			AwakeInstancesAfterBackupRestoration (31ms)
Platform modules already initialized, skipping
Refreshing native plugins compatible for Editor in 0.59 ms, found 2 plugins.
Preloading 0 native plugins for Editor in 0.00 ms.
Unloading 1842 Unused Serialized files (Serialized files now loaded: 0)
System memory in use before: 237.5 MB.
System memory in use after: 237.6 MB.

Unloading 15 unused Assets to reduce memory usage. Loaded Objects now: 2386.
Total: 2.465250 ms (FindLiveObjects: 0.116042 ms CreateObjectMapping: 0.038542 ms MarkObjects: 2.273000 ms  DeleteObjects: 0.036916 ms)

AssetImportParameters requested are different than current active one (requested -> active):
  custom:video-decoder-ogg-theora: a1e56fd34408186e4bbccfd4996cb3dc -> 
  custom:container-muxer-webm: aa71ff27fc2769a1b78a27578f13a17b -> 
  custom:container-demuxer-webm: 4f35f7cbe854078d1ac9338744f61a02 -> 
  custom:container-demuxer-ogg: 62fdf1f143b41e24485cea50d1cbac27 -> 
  custom:video-encoder-webm-vp8: eb34c28f22e8b96e1ab97ce403110664 -> 
  custom:framework-osx-AVFoundation: e770b220cccbd017edd2c1fefb359320 -> 
  custom:video-decoder-webm-vp8: 9c59270c3fd7afecdb556c50c9e8de78 -> 
  custom:audio-decoder-ogg-vorbis: bf7c407c2cedff20999df2af8eb42d56 -> 
  custom:audio-encoder-webm-vorbis: bf7c407c2cedff20999df2af8eb42d56 -> 
